info: Jun-24-2022 16:38:23: 	{
	"_id": "62b284210257ea0679081542",
	"name": "Ary",
	"email": "aryejfa@gmail.com",
	"status": "Login user"
}
info: Jun-24-2022 20:02:42: 	{
	"_id": "62b284210257ea0679081542",
	"name": "Ary",
	"email": "aryejfa@gmail.com",
	"status": "Login user"
}
info: Jun-24-2022 20:12:43: 	{
	"_id": "62b284210257ea0679081542",
	"name": "Ary",
	"email": "aryejfa@gmail.com",
	"status": "Login user"
}
info: Jun-24-2022 20:38:52: 	{
	"_id": "62b284210257ea0679081542",
	"name": "Ary",
	"email": "aryejfa@gmail.com",
	"status": "Login user"
}
info: Jun-24-2022 21:27:20: 	{
	"_id": "62b284210257ea0679081542",
	"name": "Ary",
	"email": "aryejfa@gmail.com",
	"status": "Login user"
}
info: Jun-24-2022 21:51:41: 	{
	"_id": "62b284210257ea0679081542",
	"name": "Ary",
	"email": "aryejfa@gmail.com",
	"status": "Login user"
}
