info: Jun-22-2022 14:59:02: 	{
	"_id": "62b284210257ea0679081542",
	"name": "Ary",
	"email": "aryejfa@gmail.com",
	"status": "Login user"
}
info: Jun-22-2022 15:00:23: 	{
	"_id": "62b284210257ea0679081542",
	"name": "Ary",
	"email": "aryejfa@gmail.com",
	"status": "Login user"
}
info: Jun-22-2022 15:02:13: 	{
	"_id": "62b284210257ea0679081542",
	"name": "Ary",
	"email": "aryejfa@gmail.com",
	"status": "Login user"
}
info: Jun-22-2022 15:02:24: 	{
	"_id": "62b284210257ea0679081542",
	"name": "Ary",
	"email": "aryejfa@gmail.com",
	"status": "Login user"
}
info: Jun-22-2022 15:03:41: 	{
	"_id": "62b284210257ea0679081542",
	"name": "Ary",
	"email": "aryejfa@gmail.com",
	"status": "Login user"
}
info: Jun-22-2022 15:06:24: 	{
	"_id": "62b284210257ea0679081542",
	"name": "Ary",
	"email": "aryejfa@gmail.com",
	"status": "Login user"
}
info: Jun-22-2022 15:07:02: 	{
	"_id": "62b284210257ea0679081542",
	"name": "Ary",
	"email": "aryejfa@gmail.com",
	"status": "Login user"
}
info: Jun-22-2022 15:09:30: 	{
	"_id": "62b284210257ea0679081542",
	"name": "Ary",
	"email": "aryejfa@gmail.com",
	"status": "Login user"
}
info: Jun-22-2022 15:12:33: 	{
	"_id": "62b284210257ea0679081542",
	"name": "Ary",
	"email": "aryejfa@gmail.com",
	"status": "Login user"
}
info: Jun-22-2022 15:25:51: 	{
	"_id": "62b284210257ea0679081542",
	"name": "Ary",
	"email": "aryejfa@gmail.com",
	"status": "Login user"
}
info: Jun-22-2022 15:27:38: 	{
	"_id": "62b284210257ea0679081542",
	"name": "Ary",
	"email": "aryejfa@gmail.com",
	"status": "Login user"
}
info: Jun-22-2022 15:29:35: 	{
	"_id": "62b284210257ea0679081542",
	"name": "Ary",
	"email": "aryejfa@gmail.com",
	"status": "Login user"
}
info: Jun-22-2022 16:40:18: 	{
	"_id": "62b284210257ea0679081542",
	"name": "Ary",
	"email": "aryejfa@gmail.com",
	"status": "Login user"
}
