info: Jun-26-2022 15:12:27: 	{
	"_id": "62b284210257ea0679081542",
	"name": "Ary",
	"email": "aryejfa@gmail.com",
	"status": "Login user"
}
info: Jun-26-2022 15:13:52: 	{
	"_id": "62b284210257ea0679081542",
	"name": "Ary",
	"email": "aryejfa@gmail.com",
	"status": "Login user"
}
info: Jun-26-2022 15:39:48: 	{
	"_id": "62b284210257ea0679081542",
	"name": "Ary",
	"email": "aryejfa@gmail.com",
	"status": "Login user"
}
info: Jun-26-2022 15:57:25: 	{
	"_id": "62b284210257ea0679081542",
	"name": "Ary",
	"email": "aryejfa@gmail.com",
	"status": "Login user"
}
info: Jun-26-2022 21:30:36: 	{
	"_id": "62b86aac9d2870c167b69e9d",
	"name": "EKO",
	"email": "aryejfa@gmail.com",
	"status": "Login user"
}
info: Jun-26-2022 22:30:49: 	{
	"_id": "62b86aac9d2870c167b69e9d",
	"name": "EKO",
	"email": "aryejfa@gmail.com",
	"status": "Login user"
}
