info: Jun-21-2022 15:09:16: 	{
	"_id": "62b17cac348bec5fe840f0c2",
	"name": "Ary",
	"email": "aryejfa@gmail.com",
	"status": "Register user"
}
info: Jun-21-2022 15:11:46: 	{
	"_id": "62b17a97e4cfab2719633daf",
	"name": "DODO",
	"email": "dodo@gmail.com",
	"status": "Update user"
}
info: Jun-21-2022 15:13:01: 	{
	"_id": "62b17cac348bec5fe840f0c2",
	"name": "Ary",
	"email": "aryejfa@gmail.com",
	"status": "Delete user"
}
info: Jun-21-2022 15:13:15: 	{
	"_id": "62b17baf9b7dc50a893ecd8a",
	"name": "JOY",
	"email": "jojo@gmail.com",
	"status": "Delete user"
}
info: Jun-21-2022 15:13:18: 	{
	"_id": "62b17af82b5d2d22c5d8fe2a",
	"name": "Ary",
	"email": "aryejfa@gmail.com",
	"status": "Delete user"
}
